Fitter report for bpv
Thu Jun 28 16:05:11 2018
Quartus Prime Version 17.1.0 Build 590 10/25/2017 SJ Standard Edition


---------------------
; Table of Contents ;
---------------------
  1. Legal Notice
  2. Fitter Summary
  3. Fitter Settings
  4. Parallel Compilation
  5. Incremental Compilation Preservation Summary
  6. Incremental Compilation Partition Settings
  7. Incremental Compilation Placement Preservation
  8. Pin-Out File
  9. Fitter Resource Usage Summary
 10. Fitter Partition Statistics
 11. Output Pins
 12. Dual Purpose and Dedicated Pins
 13. I/O Bank Usage
 14. All Package Pins
 15. I/O Assignment Warnings
 16. Fitter Resource Utilization by Entity
 17. Delay Chain Summary
 18. Routing Usage Summary
 19. LAB Logic Elements
 20. LAB Signals Sourced
 21. LAB Signals Sourced Out
 22. I/O Rules Summary
 23. I/O Rules Details
 24. I/O Rules Matrix
 25. Fitter Device Options
 26. Operating Settings and Conditions
 27. Fitter Messages



----------------
; Legal Notice ;
----------------
Copyright (C) 2017  Intel Corporation. All rights reserved.
Your use of Intel Corporation's design tools, logic functions 
and other software and tools, and its AMPP partner logic 
functions, and any output files from any of the foregoing 
(including device programming or simulation files), and any 
associated documentation or information are expressly subject 
to the terms and conditions of the Intel Program License 
Subscription Agreement, the Intel Quartus Prime License Agreement,
the Intel FPGA IP License Agreement, or other applicable license
agreement, including, without limitation, that your use is for
the sole purpose of programming logic devices manufactured by
Intel and sold by Intel or its authorized distributors.  Please
refer to the applicable agreement for further details.



+--------------------------------------------------------------------------------------+
; Fitter Summary                                                                       ;
+------------------------------------+-------------------------------------------------+
; Fitter Status                      ; Successful - Thu Jun 28 16:05:11 2018           ;
; Quartus Prime Version              ; 17.1.0 Build 590 10/25/2017 SJ Standard Edition ;
; Revision Name                      ; bpv                                             ;
; Top-level Entity Name              ; bpv                                             ;
; Family                             ; MAX 10                                          ;
; Device                             ; 10M25SAE144I7G                                  ;
; Timing Models                      ; Final                                           ;
; Total logic elements               ; 1 / 24,960 ( < 1 % )                            ;
;     Total combinational functions  ; 1 / 24,960 ( < 1 % )                            ;
;     Dedicated logic registers      ; 0 / 24,960 ( 0 % )                              ;
; Total registers                    ; 0                                               ;
; Total pins                         ; 1 / 101 ( < 1 % )                               ;
; Total virtual pins                 ; 0                                               ;
; Total memory bits                  ; 0 / 691,200 ( 0 % )                             ;
; Embedded Multiplier 9-bit elements ; 0 / 110 ( 0 % )                                 ;
; Total PLLs                         ; 0 / 1 ( 0 % )                                   ;
; UFM blocks                         ; 0 / 1 ( 0 % )                                   ;
; ADC blocks                         ; 0 / 1 ( 0 % )                                   ;
+------------------------------------+-------------------------------------------------+


+------------------------------------------------------------------------------------------------------------------------------------------+
; Fitter Settings                                                                                                                          ;
+----------------------------------------------------------------------------+---------------------+---------------------------------------+
; Option                                                                     ; Setting             ; Default Value                         ;
+----------------------------------------------------------------------------+---------------------+---------------------------------------+
; Device                                                                     ; 10M25SAE144I7G      ;                                       ;
; Minimum Core Junction Temperature                                          ; -40                 ;                                       ;
; Maximum Core Junction Temperature                                          ; 100                 ;                                       ;
; Fit Attempts to Skip                                                       ; 0                   ; 0.0                                   ;
; Reserve all unused pins                                                    ; As input tri-stated ; As input tri-stated with weak pull-up ;
; Use smart compilation                                                      ; Off                 ; Off                                   ;
; Enable parallel Assembler and TimeQuest Timing Analyzer during compilation ; On                  ; On                                    ;
; Enable compact report table                                                ; Off                 ; Off                                   ;
; Auto Merge PLLs                                                            ; On                  ; On                                    ;
; Router Timing Optimization Level                                           ; Normal              ; Normal                                ;
; Perform Clocking Topology Analysis During Routing                          ; Off                 ; Off                                   ;
; Placement Effort Multiplier                                                ; 1.0                 ; 1.0                                   ;
; Router Effort Multiplier                                                   ; 1.0                 ; 1.0                                   ;
; Optimize Hold Timing                                                       ; All Paths           ; All Paths                             ;
; Optimize Multi-Corner Timing                                               ; On                  ; On                                    ;
; Power Optimization During Fitting                                          ; Normal compilation  ; Normal compilation                    ;
; SSN Optimization                                                           ; Off                 ; Off                                   ;
; Optimize Timing                                                            ; Normal compilation  ; Normal compilation                    ;
; Optimize Timing for ECOs                                                   ; Off                 ; Off                                   ;
; Regenerate Full Fit Report During ECO Compiles                             ; Off                 ; Off                                   ;
; Optimize IOC Register Placement for Timing                                 ; Normal              ; Normal                                ;
; Final Placement Optimizations                                              ; Automatically       ; Automatically                         ;
; Fitter Initial Placement Seed                                              ; 1                   ; 1                                     ;
; Periphery to Core Placement and Routing Optimization                       ; Off                 ; Off                                   ;
; PCI I/O                                                                    ; Off                 ; Off                                   ;
; Weak Pull-Up Resistor                                                      ; Off                 ; Off                                   ;
; Enable Bus-Hold Circuitry                                                  ; Off                 ; Off                                   ;
; Auto Packed Registers                                                      ; Auto                ; Auto                                  ;
; Auto Delay Chains                                                          ; On                  ; On                                    ;
; Auto Delay Chains for High Fanout Input Pins                               ; Off                 ; Off                                   ;
; Allow Single-ended Buffer for Differential-XSTL Input                      ; Off                 ; Off                                   ;
; Treat Bidirectional Pin as Output Pin                                      ; Off                 ; Off                                   ;
; Perform Physical Synthesis for Combinational Logic for Fitting             ; Off                 ; Off                                   ;
; Perform Physical Synthesis for Combinational Logic for Performance         ; Off                 ; Off                                   ;
; Perform Register Duplication for Performance                               ; Off                 ; Off                                   ;
; Perform Logic to Memory Mapping for Fitting                                ; Off                 ; Off                                   ;
; Perform Register Retiming for Performance                                  ; Off                 ; Off                                   ;
; Perform Asynchronous Signal Pipelining                                     ; Off                 ; Off                                   ;
; Fitter Effort                                                              ; Auto Fit            ; Auto Fit                              ;
; Physical Synthesis Effort Level                                            ; Normal              ; Normal                                ;
; Logic Cell Insertion - Logic Duplication                                   ; Auto                ; Auto                                  ;
; Auto Register Duplication                                                  ; Auto                ; Auto                                  ;
; Auto Global Clock                                                          ; On                  ; On                                    ;
; Auto Global Register Control Signals                                       ; On                  ; On                                    ;
; Synchronizer Identification                                                ; Auto                ; Auto                                  ;
; Enable Beneficial Skew Optimization                                        ; On                  ; On                                    ;
; Optimize Design for Metastability                                          ; On                  ; On                                    ;
; Force Fitter to Avoid Periphery Placement Warnings                         ; Off                 ; Off                                   ;
; Enable input tri-state on active configuration pins in user mode           ; Off                 ; Off                                   ;
+----------------------------------------------------------------------------+---------------------+---------------------------------------+


+------------------------------------------+
; Parallel Compilation                     ;
+----------------------------+-------------+
; Processors                 ; Number      ;
+----------------------------+-------------+
; Number detected on machine ; 4           ;
; Maximum allowed            ; 2           ;
;                            ;             ;
; Average used               ; 1.00        ;
; Maximum used               ; 2           ;
;                            ;             ;
; Usage by Processor         ; % Time Used ;
;     Processor 1            ; 100.0%      ;
;     Processor 2            ;   0.4%      ;
+----------------------------+-------------+


+-------------------------------------------------------------------------------------------------+
; Incremental Compilation Preservation Summary                                                    ;
+---------------------+-------------------+----------------------------+--------------------------+
; Type                ; Total [A + B]     ; From Design Partitions [A] ; From Rapid Recompile [B] ;
+---------------------+-------------------+----------------------------+--------------------------+
; Placement (by node) ;                   ;                            ;                          ;
;     -- Requested    ; 0.00 % ( 0 / 16 ) ; 0.00 % ( 0 / 16 )          ; 0.00 % ( 0 / 16 )        ;
;     -- Achieved     ; 0.00 % ( 0 / 16 ) ; 0.00 % ( 0 / 16 )          ; 0.00 % ( 0 / 16 )        ;
;                     ;                   ;                            ;                          ;
; Routing (by net)    ;                   ;                            ;                          ;
;     -- Requested    ; 0.00 % ( 0 / 0 )  ; 0.00 % ( 0 / 0 )           ; 0.00 % ( 0 / 0 )         ;
;     -- Achieved     ; 0.00 % ( 0 / 0 )  ; 0.00 % ( 0 / 0 )           ; 0.00 % ( 0 / 0 )         ;
+---------------------+-------------------+----------------------------+--------------------------+


+----------------------------------------------------------------------------------------------------------------------------------------------------------------------------------------+
; Incremental Compilation Partition Settings                                                                                                                                             ;
+--------------------------------+----------------+-------------------+-------------------------+------------------------+------------------------------+--------------------------------+
; Partition Name                 ; Partition Type ; Netlist Type Used ; Preservation Level Used ; Netlist Type Requested ; Preservation Level Requested ; Contents                       ;
+--------------------------------+----------------+-------------------+-------------------------+------------------------+------------------------------+--------------------------------+
; Top                            ; User-created   ; Source File       ; N/A                     ; Source File            ; N/A                          ;                                ;
; hard_block:auto_generated_inst ; Auto-generated ; Source File       ; N/A                     ; Source File            ; N/A                          ; hard_block:auto_generated_inst ;
+--------------------------------+----------------+-------------------+-------------------------+------------------------+------------------------------+--------------------------------+


+------------------------------------------------------------------------------------------------------------------------------------+
; Incremental Compilation Placement Preservation                                                                                     ;
+--------------------------------+-----------------------+-------------------------+-------------------+---------------------+-------+
; Partition Name                 ; Preservation Achieved ; Preservation Level Used ; Netlist Type Used ; Preservation Method ; Notes ;
+--------------------------------+-----------------------+-------------------------+-------------------+---------------------+-------+
; Top                            ; 0.00 % ( 0 / 6 )      ; N/A                     ; Source File       ; N/A                 ;       ;
; hard_block:auto_generated_inst ; 0.00 % ( 0 / 10 )     ; N/A                     ; Source File       ; N/A                 ;       ;
+--------------------------------+-----------------------+-------------------------+-------------------+---------------------+-------+


+--------------+
; Pin-Out File ;
+--------------+
The pin-out file can be found in /home/engineer/bpv/output_files/bpv.pin.


+--------------------------------------------------------------------+
; Fitter Resource Usage Summary                                      ;
+---------------------------------------------+----------------------+
; Resource                                    ; Usage                ;
+---------------------------------------------+----------------------+
; Total logic elements                        ; 1 / 24,960 ( < 1 % ) ;
;     -- Combinational with no register       ; 1                    ;
;     -- Register only                        ; 0                    ;
;     -- Combinational with a register        ; 0                    ;
;                                             ;                      ;
; Logic element usage by number of LUT inputs ;                      ;
;     -- 4 input functions                    ; 0                    ;
;     -- 3 input functions                    ; 0                    ;
;     -- <=2 input functions                  ; 1                    ;
;     -- Register only                        ; 0                    ;
;                                             ;                      ;
; Logic elements by mode                      ;                      ;
;     -- normal mode                          ; 1                    ;
;     -- arithmetic mode                      ; 0                    ;
;                                             ;                      ;
; Total registers*                            ; 0 / 25,426 ( 0 % )   ;
;     -- Dedicated logic registers            ; 0 / 24,960 ( 0 % )   ;
;     -- I/O registers                        ; 0 / 466 ( 0 % )      ;
;                                             ;                      ;
; Total LABs:  partially or completely used   ; 1 / 1,560 ( < 1 % )  ;
; Virtual pins                                ; 0                    ;
; I/O pins                                    ; 1 / 101 ( < 1 % )    ;
;     -- Clock pins                           ; 0 / 6 ( 0 % )        ;
;     -- Dedicated input pins                 ; 0 / 1 ( 0 % )        ;
;                                             ;                      ;
; M9Ks                                        ; 0 / 75 ( 0 % )       ;
; UFM blocks                                  ; 0 / 1 ( 0 % )        ;
; ADC blocks                                  ; 0 / 1 ( 0 % )        ;
; Total block memory bits                     ; 0 / 691,200 ( 0 % )  ;
; Total block memory implementation bits      ; 0 / 691,200 ( 0 % )  ;
; Embedded Multiplier 9-bit elements          ; 0 / 110 ( 0 % )      ;
; PLLs                                        ; 0 / 1 ( 0 % )        ;
; Global signals                              ; 0                    ;
;     -- Global clocks                        ; 0 / 20 ( 0 % )       ;
; JTAGs                                       ; 0 / 1 ( 0 % )        ;
; CRC blocks                                  ; 0 / 1 ( 0 % )        ;
; Remote update blocks                        ; 0 / 1 ( 0 % )        ;
; Oscillator blocks                           ; 0 / 1 ( 0 % )        ;
; Impedance control blocks                    ; 0 / 1 ( 0 % )        ;
; Average interconnect usage (total/H/V)      ; 0.0% / 0.0% / 0.0%   ;
; Peak interconnect usage (total/H/V)         ; 0.1% / 0.1% / 0.1%   ;
; Maximum fan-out                             ; 17                   ;
; Highest non-global fan-out                  ; 17                   ;
; Total fan-out                               ; 9                    ;
; Average fan-out                             ; 0.56                 ;
+---------------------------------------------+----------------------+
*  Register count does not include registers inside RAM blocks or DSP blocks.



+----------------------------------------------------------------------------------------------------+
; Fitter Partition Statistics                                                                        ;
+---------------------------------------------+---------------------+--------------------------------+
; Statistic                                   ; Top                 ; hard_block:auto_generated_inst ;
+---------------------------------------------+---------------------+--------------------------------+
; Difficulty Clustering Region                ; Low                 ; Low                            ;
;                                             ;                     ;                                ;
; Total logic elements                        ; 1 / 24960 ( < 1 % ) ; 0 / 24960 ( 0 % )              ;
;     -- Combinational with no register       ; 1                   ; 0                              ;
;     -- Register only                        ; 0                   ; 0                              ;
;     -- Combinational with a register        ; 0                   ; 0                              ;
;                                             ;                     ;                                ;
; Logic element usage by number of LUT inputs ;                     ;                                ;
;     -- 4 input functions                    ; 0                   ; 0                              ;
;     -- 3 input functions                    ; 0                   ; 0                              ;
;     -- <=2 input functions                  ; 1                   ; 0                              ;
;     -- Register only                        ; 0                   ; 0                              ;
;                                             ;                     ;                                ;
; Logic elements by mode                      ;                     ;                                ;
;     -- normal mode                          ; 1                   ; 0                              ;
;     -- arithmetic mode                      ; 0                   ; 0                              ;
;                                             ;                     ;                                ;
; Total registers                             ; 0                   ; 0                              ;
;     -- Dedicated logic registers            ; 0 / 24960 ( 0 % )   ; 0 / 24960 ( 0 % )              ;
;     -- I/O registers                        ; 0                   ; 0                              ;
;                                             ;                     ;                                ;
; Total LABs:  partially or completely used   ; 1 / 1560 ( < 1 % )  ; 0 / 1560 ( 0 % )               ;
;                                             ;                     ;                                ;
; Virtual pins                                ; 0                   ; 0                              ;
; I/O pins                                    ; 1                   ; 0                              ;
; Embedded Multiplier 9-bit elements          ; 0 / 110 ( 0 % )     ; 0 / 110 ( 0 % )                ;
; Total memory bits                           ; 0                   ; 0                              ;
; Total RAM block bits                        ; 0                   ; 0                              ;
; User Flash Memory                           ; 1 / 1 ( 100 % )     ; 0 / 1 ( 0 % )                  ;
; Analog-to-Digital Converter                 ; 2 / 2 ( 100 % )     ; 0 / 2 ( 0 % )                  ;
;                                             ;                     ;                                ;
; Connections                                 ;                     ;                                ;
;     -- Input Connections                    ; 0                   ; 0                              ;
;     -- Registered Input Connections         ; 0                   ; 0                              ;
;     -- Output Connections                   ; 0                   ; 0                              ;
;     -- Registered Output Connections        ; 0                   ; 0                              ;
;                                             ;                     ;                                ;
; Internal Connections                        ;                     ;                                ;
;     -- Total Connections                    ; 18                  ; 5                              ;
;     -- Registered Connections               ; 0                   ; 0                              ;
;                                             ;                     ;                                ;
; External Connections                        ;                     ;                                ;
;     -- Top                                  ; 0                   ; 0                              ;
;     -- hard_block:auto_generated_inst       ; 0                   ; 0                              ;
;                                             ;                     ;                                ;
; Partition Interface                         ;                     ;                                ;
;     -- Input Ports                          ; 0                   ; 0                              ;
;     -- Output Ports                         ; 1                   ; 0                              ;
;     -- Bidir Ports                          ; 0                   ; 0                              ;
;                                             ;                     ;                                ;
; Registered Ports                            ;                     ;                                ;
;     -- Registered Input Ports               ; 0                   ; 0                              ;
;     -- Registered Output Ports              ; 0                   ; 0                              ;
;                                             ;                     ;                                ;
; Port Connectivity                           ;                     ;                                ;
;     -- Input Ports driven by GND            ; 0                   ; 0                              ;
;     -- Output Ports driven by GND           ; 0                   ; 0                              ;
;     -- Input Ports driven by VCC            ; 0                   ; 0                              ;
;     -- Output Ports driven by VCC           ; 0                   ; 0                              ;
;     -- Input Ports with no Source           ; 0                   ; 0                              ;
;     -- Output Ports with no Source          ; 0                   ; 0                              ;
;     -- Input Ports with no Fanout           ; 0                   ; 0                              ;
;     -- Output Ports with no Fanout          ; 0                   ; 0                              ;
+---------------------------------------------+---------------------+--------------------------------+


+------------------------------------------------------------------------------------------------------------------------------------------------------------------------------------------------------------------------------------------------------------------------------------------------------------------------------------------------------------------------------------------------------------------------------------------------------------+
; Output Pins                                                                                                                                                                                                                                                                                                                                                                                                                                                ;
+-----------+-------+----------+--------------+--------------+--------------+-----------------+------------------------+---------------+-----------+-----------------+------------+---------------+----------+--------------+--------------+------------------+-----------------------------------+---------------------------+----------------------------+-----------------------------+----------------------+----------------------+---------------------+
; Name      ; Pin # ; I/O Bank ; X coordinate ; Y coordinate ; Z coordinate ; Output Register ; Output Enable Register ; Power Up High ; Slew Rate ; PCI I/O Enabled ; Open Drain ; TRI Primitive ; Bus Hold ; Weak Pull Up ; I/O Standard ; Current Strength ; Termination                       ; Termination Control Block ; Output Buffer Pre-emphasis ; Voltage Output Differential ; Location assigned by ; Output Enable Source ; Output Enable Group ;
+-----------+-------+----------+--------------+--------------+--------------+-----------------+------------------------+---------------+-----------+-----------------+------------+---------------+----------+--------------+--------------+------------------+-----------------------------------+---------------------------+----------------------------+-----------------------------+----------------------+----------------------+---------------------+
; pin_name1 ; 138   ; 8        ; 10           ; 21           ; 28           ; no              ; no                     ; no            ; 2         ; no              ; no         ; no            ; no       ; Off          ; 2.5 V        ; Default          ; Series 50 Ohm without Calibration ; --                        ; no                         ; no                          ; User                 ; -                    ; -                   ;
+-----------+-------+----------+--------------+--------------+--------------+-----------------+------------------------+---------------+-----------+-----------------+------------+---------------+----------+--------------+--------------+------------------+-----------------------------------+---------------------------+----------------------------+-----------------------------+----------------------+----------------------+---------------------+


+-----------------------------------------------------------------------------------------------------------------------------------------+
; Dual Purpose and Dedicated Pins                                                                                                         ;
+----------+----------------------------------------------------+--------------------------------+---------------------+------------------+
; Location ; Pin Name                                           ; Reserved As                    ; User Signal Name    ; Pin Type         ;
+----------+----------------------------------------------------+--------------------------------+---------------------+------------------+
; 16       ; DIFFIO_RX_L11n, DIFFOUT_L11n, TMS, Low_Speed       ; Reserved as secondary function ; ~ALTERA_TMS~        ; Dual Purpose Pin ;
; 18       ; DIFFIO_RX_L11p, DIFFOUT_L11p, TCK, Low_Speed       ; Reserved as secondary function ; ~ALTERA_TCK~        ; Dual Purpose Pin ;
; 19       ; DIFFIO_RX_L12n, DIFFOUT_L12n, TDI, Low_Speed       ; Reserved as secondary function ; ~ALTERA_TDI~        ; Dual Purpose Pin ;
; 20       ; DIFFIO_RX_L12p, DIFFOUT_L12p, TDO, Low_Speed       ; Reserved as secondary function ; ~ALTERA_TDO~        ; Dual Purpose Pin ;
; 126      ; CONFIG_SEL, Low_Speed                              ; Reserved as secondary function ; ~ALTERA_CONFIG_SEL~ ; Dual Purpose Pin ;
; 138      ; DIFFIO_RX_T44n, DIFFOUT_T44n, CONF_DONE, Low_Speed ; Use as regular IO              ; pin_name1           ; Dual Purpose Pin ;
+----------+----------------------------------------------------+--------------------------------+---------------------+------------------+


+-----------------------------------------------------------+
; I/O Bank Usage                                            ;
+----------+-----------------+---------------+--------------+
; I/O Bank ; Usage           ; VCCIO Voltage ; VREF Voltage ;
+----------+-----------------+---------------+--------------+
; 1A       ; 0 / 8 ( 0 % )   ; 2.5V          ; --           ;
; 1B       ; 4 / 10 ( 40 % ) ; 2.5V          ; --           ;
; 2        ; 0 / 7 ( 0 % )   ; 2.5V          ; --           ;
; 3        ; 0 / 18 ( 0 % )  ; 2.5V          ; --           ;
; 4        ; 0 / 7 ( 0 % )   ; 2.5V          ; --           ;
; 5        ; 0 / 12 ( 0 % )  ; 2.5V          ; --           ;
; 6        ; 0 / 15 ( 0 % )  ; 2.5V          ; --           ;
; 7        ; 0 / 7 ( 0 % )   ; 2.5V          ; --           ;
; 8        ; 2 / 17 ( 12 % ) ; 2.5V          ; --           ;
+----------+-----------------+---------------+--------------+


+-----------------------------------------------------------------------------------------------------------------------------------------------------------------------------------------+
; All Package Pins                                                                                                                                                                        ;
+----------+------------+----------+------------------------------------------------+--------+-----------------------+-----------+------------+-----------------+----------+--------------+
; Location ; Pad Number ; I/O Bank ; Pin Name/Usage                                 ; Dir.   ; I/O Standard          ; Voltage   ; I/O Type   ; User Assignment ; Bus Hold ; Weak Pull Up ;
+----------+------------+----------+------------------------------------------------+--------+-----------------------+-----------+------------+-----------------+----------+--------------+
; 1        ;            ; --       ; VCC_ONE                                        ; power  ;                       ; 3.0V/3.3V ; --         ;                 ; --       ; --           ;
; 2        ;            ; --       ; VCCA6                                          ; power  ;                       ; 3.0V/3.3V ; --         ;                 ; --       ; --           ;
; 3        ;            ;          ; ANAIN1                                         ;        ;                       ;           ; --         ;                 ; --       ; --           ;
; 4        ;            ;          ; REFGND                                         ;        ;                       ;           ; --         ;                 ; --       ; --           ;
; 5        ;            ;          ; ADC_VREF                                       ;        ;                       ;           ; --         ;                 ; --       ; --           ;
; 6        ; 0          ; 1A       ; RESERVED_INPUT                                 ;        ;                       ;           ; Row I/O    ;                 ; no       ; Off          ;
; 7        ; 2          ; 1A       ; RESERVED_INPUT                                 ;        ;                       ;           ; Row I/O    ;                 ; no       ; Off          ;
; 8        ; 4          ; 1A       ; RESERVED_INPUT                                 ;        ;                       ;           ; Row I/O    ;                 ; no       ; Off          ;
; 9        ;            ; 1A       ; VCCIO1A                                        ; power  ;                       ; 2.5V      ; --         ;                 ; --       ; --           ;
; 10       ; 6          ; 1A       ; RESERVED_INPUT                                 ;        ;                       ;           ; Row I/O    ;                 ; no       ; Off          ;
; 11       ; 8          ; 1A       ; RESERVED_INPUT                                 ;        ;                       ;           ; Row I/O    ;                 ; no       ; Off          ;
; 12       ; 10         ; 1A       ; RESERVED_INPUT                                 ;        ;                       ;           ; Row I/O    ;                 ; no       ; Off          ;
; 13       ; 12         ; 1A       ; RESERVED_INPUT                                 ;        ;                       ;           ; Row I/O    ;                 ; no       ; Off          ;
; 14       ; 14         ; 1A       ; RESERVED_INPUT                                 ;        ;                       ;           ; Row I/O    ;                 ; no       ; Off          ;
; 15       ; 18         ; 1B       ; RESERVED_INPUT                                 ;        ;                       ;           ; Row I/O    ;                 ; no       ; Off          ;
; 16       ; 20         ; 1B       ; ~ALTERA_TMS~ / RESERVED_INPUT_WITH_WEAK_PULLUP ; input  ; 2.5 V Schmitt Trigger ;           ; Row I/O    ; N               ; no       ; On           ;
; 17       ; 21         ; 1B       ; RESERVED_INPUT                                 ;        ;                       ;           ; Row I/O    ;                 ; --       ; --           ;
; 18       ; 22         ; 1B       ; ~ALTERA_TCK~ / RESERVED_INPUT                  ; input  ; 2.5 V Schmitt Trigger ;           ; Row I/O    ; N               ; no       ; Off          ;
; 19       ; 24         ; 1B       ; ~ALTERA_TDI~ / RESERVED_INPUT_WITH_WEAK_PULLUP ; input  ; 2.5 V Schmitt Trigger ;           ; Row I/O    ; N               ; no       ; On           ;
; 20       ; 26         ; 1B       ; ~ALTERA_TDO~                                   ; output ; 2.5 V                 ;           ; Row I/O    ; N               ; no       ; Off          ;
; 21       ; 28         ; 1B       ; RESERVED_INPUT                                 ;        ;                       ;           ; Row I/O    ;                 ; no       ; Off          ;
; 22       ; 30         ; 1B       ; RESERVED_INPUT                                 ;        ;                       ;           ; Row I/O    ;                 ; no       ; Off          ;
; 23       ;            ; 1B       ; VCCIO1B                                        ; power  ;                       ; 2.5V      ; --         ;                 ; --       ; --           ;
; 24       ; 32         ; 1B       ; RESERVED_INPUT                                 ;        ;                       ;           ; Row I/O    ;                 ; no       ; Off          ;
; 25       ; 34         ; 1B       ; RESERVED_INPUT                                 ;        ;                       ;           ; Row I/O    ;                 ; no       ; Off          ;
; 26       ; 40         ; 2        ; RESERVED_INPUT                                 ;        ;                       ;           ; Row I/O    ;                 ; no       ; Off          ;
; 27       ; 42         ; 2        ; RESERVED_INPUT                                 ;        ;                       ;           ; Row I/O    ;                 ; no       ; Off          ;
; 28       ; 44         ; 2        ; RESERVED_INPUT                                 ;        ;                       ;           ; Row I/O    ;                 ; no       ; Off          ;
; 29       ; 46         ; 2        ; RESERVED_INPUT                                 ;        ;                       ;           ; Row I/O    ;                 ; no       ; Off          ;
; 30       ; 49         ; 2        ; RESERVED_INPUT                                 ;        ;                       ;           ; Row I/O    ;                 ; --       ; --           ;
; 31       ;            ; 2        ; VCCIO2                                         ; power  ;                       ; 2.5V      ; --         ;                 ; --       ; --           ;
; 32       ; 72         ; 2        ; RESERVED_INPUT                                 ;        ;                       ;           ; Row I/O    ;                 ; no       ; Off          ;
; 33       ; 74         ; 2        ; RESERVED_INPUT                                 ;        ;                       ;           ; Row I/O    ;                 ; no       ; Off          ;
; 34       ;            ; --       ; VCCA2                                          ; power  ;                       ; 3.0V/3.3V ; --         ;                 ; --       ; --           ;
; 35       ;            ; --       ; VCCA1                                          ; power  ;                       ; 3.0V/3.3V ; --         ;                 ; --       ; --           ;
; 36       ;            ; --       ; VCC_ONE                                        ; power  ;                       ; 3.0V/3.3V ; --         ;                 ; --       ; --           ;
; 37       ;            ; --       ; VCC_ONE                                        ; power  ;                       ; 3.0V/3.3V ; --         ;                 ; --       ; --           ;
; 38       ; 76         ; 3        ; RESERVED_INPUT                                 ;        ;                       ;           ; Column I/O ;                 ; no       ; Off          ;
; 39       ; 78         ; 3        ; RESERVED_INPUT                                 ;        ;                       ;           ; Column I/O ;                 ; no       ; Off          ;
; 40       ;            ; 3        ; VCCIO3                                         ; power  ;                       ; 2.5V      ; --         ;                 ; --       ; --           ;
; 41       ; 80         ; 3        ; RESERVED_INPUT                                 ;        ;                       ;           ; Column I/O ;                 ; no       ; Off          ;
; 42       ;            ;          ; GND                                            ; gnd    ;                       ;           ; --         ;                 ; --       ; --           ;
; 43       ; 82         ; 3        ; RESERVED_INPUT                                 ;        ;                       ;           ; Column I/O ;                 ; no       ; Off          ;
; 44       ; 84         ; 3        ; RESERVED_INPUT                                 ;        ;                       ;           ; Column I/O ;                 ; no       ; Off          ;
; 45       ; 86         ; 3        ; RESERVED_INPUT                                 ;        ;                       ;           ; Column I/O ;                 ; no       ; Off          ;
; 46       ; 100        ; 3        ; RESERVED_INPUT                                 ;        ;                       ;           ; Column I/O ;                 ; no       ; Off          ;
; 47       ; 102        ; 3        ; RESERVED_INPUT                                 ;        ;                       ;           ; Column I/O ;                 ; no       ; Off          ;
; 48       ; 105        ; 3        ; RESERVED_INPUT                                 ;        ;                       ;           ; Column I/O ;                 ; --       ; --           ;
; 49       ;            ; 3        ; VCCIO3                                         ; power  ;                       ; 2.5V      ; --         ;                 ; --       ; --           ;
; 50       ; 104        ; 3        ; RESERVED_INPUT                                 ;        ;                       ;           ; Column I/O ;                 ; no       ; Off          ;
; 51       ;            ; --       ; VCC_ONE                                        ; power  ;                       ; 3.0V/3.3V ; --         ;                 ; --       ; --           ;
; 52       ; 106        ; 3        ; RESERVED_INPUT                                 ;        ;                       ;           ; Column I/O ;                 ; no       ; Off          ;
; 53       ;            ;          ; GND                                            ; gnd    ;                       ;           ; --         ;                 ; --       ; --           ;
; 54       ; 108        ; 3        ; RESERVED_INPUT                                 ;        ;                       ;           ; Column I/O ;                 ; no       ; Off          ;
; 55       ; 112        ; 3        ; RESERVED_INPUT                                 ;        ;                       ;           ; Column I/O ;                 ; no       ; Off          ;
; 56       ; 114        ; 3        ; RESERVED_INPUT                                 ;        ;                       ;           ; Column I/O ;                 ; no       ; Off          ;
; 57       ; 116        ; 3        ; RESERVED_INPUT                                 ;        ;                       ;           ; Column I/O ;                 ; no       ; Off          ;
; 58       ; 118        ; 3        ; RESERVED_INPUT                                 ;        ;                       ;           ; Column I/O ;                 ; no       ; Off          ;
; 59       ; 120        ; 3        ; RESERVED_INPUT                                 ;        ;                       ;           ; Column I/O ;                 ; no       ; Off          ;
; 60       ; 122        ; 3        ; RESERVED_INPUT                                 ;        ;                       ;           ; Column I/O ;                 ; no       ; Off          ;
; 61       ; 141        ; 4        ; RESERVED_INPUT                                 ;        ;                       ;           ; Column I/O ;                 ; --       ; --           ;
; 62       ; 142        ; 4        ; RESERVED_INPUT                                 ;        ;                       ;           ; Column I/O ;                 ; no       ; Off          ;
; 63       ;            ;          ; GND                                            ; gnd    ;                       ;           ; --         ;                 ; --       ; --           ;
; 64       ; 148        ; 4        ; RESERVED_INPUT                                 ;        ;                       ;           ; Column I/O ;                 ; no       ; Off          ;
; 65       ; 150        ; 4        ; RESERVED_INPUT                                 ;        ;                       ;           ; Column I/O ;                 ; no       ; Off          ;
; 66       ; 152        ; 4        ; RESERVED_INPUT                                 ;        ;                       ;           ; Column I/O ;                 ; no       ; Off          ;
; 67       ;            ; 4        ; VCCIO4                                         ; power  ;                       ; 2.5V      ; --         ;                 ; --       ; --           ;
; 68       ;            ;          ; GND                                            ; gnd    ;                       ;           ; --         ;                 ; --       ; --           ;
; 69       ; 176        ; 4        ; RESERVED_INPUT                                 ;        ;                       ;           ; Column I/O ;                 ; no       ; Off          ;
; 70       ; 178        ; 4        ; RESERVED_INPUT                                 ;        ;                       ;           ; Column I/O ;                 ; no       ; Off          ;
; 71       ;            ; --       ; VCCA5                                          ; power  ;                       ; 3.0V/3.3V ; --         ;                 ; --       ; --           ;
; 72       ;            ; --       ; VCC_ONE                                        ; power  ;                       ; 3.0V/3.3V ; --         ;                 ; --       ; --           ;
; 73       ;            ; --       ; VCC_ONE                                        ; power  ;                       ; 3.0V/3.3V ; --         ;                 ; --       ; --           ;
; 74       ; 181        ; 5        ; RESERVED_INPUT                                 ;        ;                       ;           ; Row I/O    ;                 ; no       ; Off          ;
; 75       ; 180        ; 5        ; RESERVED_INPUT                                 ;        ;                       ;           ; Row I/O    ;                 ; no       ; Off          ;
; 76       ; 183        ; 5        ; RESERVED_INPUT                                 ;        ;                       ;           ; Row I/O    ;                 ; no       ; Off          ;
; 77       ; 182        ; 5        ; RESERVED_INPUT                                 ;        ;                       ;           ; Row I/O    ;                 ; no       ; Off          ;
; 78       ; 205        ; 5        ; RESERVED_INPUT                                 ;        ;                       ;           ; Row I/O    ;                 ; no       ; Off          ;
; 79       ; 204        ; 5        ; RESERVED_INPUT                                 ;        ;                       ;           ; Row I/O    ;                 ; no       ; Off          ;
; 80       ; 207        ; 5        ; RESERVED_INPUT                                 ;        ;                       ;           ; Row I/O    ;                 ; --       ; --           ;
; 81       ; 206        ; 5        ; RESERVED_INPUT                                 ;        ;                       ;           ; Row I/O    ;                 ; no       ; Off          ;
; 82       ;            ; 5        ; VCCIO5                                         ; power  ;                       ; 2.5V      ; --         ;                 ; --       ; --           ;
; 83       ;            ;          ; GND                                            ; gnd    ;                       ;           ; --         ;                 ; --       ; --           ;
; 84       ; 213        ; 5        ; RESERVED_INPUT                                 ;        ;                       ;           ; Row I/O    ;                 ; no       ; Off          ;
; 85       ; 212        ; 5        ; RESERVED_INPUT                                 ;        ;                       ;           ; Row I/O    ;                 ; no       ; Off          ;
; 86       ; 215        ; 5        ; RESERVED_INPUT                                 ;        ;                       ;           ; Row I/O    ;                 ; no       ; Off          ;
; 87       ; 214        ; 5        ; RESERVED_INPUT                                 ;        ;                       ;           ; Row I/O    ;                 ; no       ; Off          ;
; 88       ; 220        ; 6        ; RESERVED_INPUT                                 ;        ;                       ;           ; Row I/O    ;                 ; no       ; Off          ;
; 89       ; 222        ; 6        ; RESERVED_INPUT                                 ;        ;                       ;           ; Row I/O    ;                 ; no       ; Off          ;
; 90       ; 224        ; 6        ; RESERVED_INPUT                                 ;        ;                       ;           ; Row I/O    ;                 ; no       ; Off          ;
; 91       ; 226        ; 6        ; RESERVED_INPUT                                 ;        ;                       ;           ; Row I/O    ;                 ; no       ; Off          ;
; 92       ; 228        ; 6        ; RESERVED_INPUT                                 ;        ;                       ;           ; Row I/O    ;                 ; no       ; Off          ;
; 93       ; 230        ; 6        ; RESERVED_INPUT                                 ;        ;                       ;           ; Row I/O    ;                 ; no       ; Off          ;
; 94       ;            ; 6        ; VCCIO6                                         ; power  ;                       ; 2.5V      ; --         ;                 ; --       ; --           ;
; 95       ;            ;          ; GND                                            ; gnd    ;                       ;           ; --         ;                 ; --       ; --           ;
; 96       ; 244        ; 6        ; RESERVED_INPUT                                 ;        ;                       ;           ; Row I/O    ;                 ; no       ; Off          ;
; 97       ; 245        ; 6        ; RESERVED_INPUT                                 ;        ;                       ;           ; Row I/O    ;                 ; --       ; --           ;
; 98       ; 246        ; 6        ; RESERVED_INPUT                                 ;        ;                       ;           ; Row I/O    ;                 ; no       ; Off          ;
; 99       ; 248        ; 6        ; RESERVED_INPUT                                 ;        ;                       ;           ; Row I/O    ;                 ; no       ; Off          ;
; 100      ; 249        ; 6        ; RESERVED_INPUT                                 ;        ;                       ;           ; Row I/O    ;                 ; no       ; Off          ;
; 101      ; 250        ; 6        ; RESERVED_INPUT                                 ;        ;                       ;           ; Row I/O    ;                 ; no       ; Off          ;
; 102      ; 251        ; 6        ; RESERVED_INPUT                                 ;        ;                       ;           ; Row I/O    ;                 ; no       ; Off          ;
; 103      ;            ; 6        ; VCCIO6                                         ; power  ;                       ; 2.5V      ; --         ;                 ; --       ; --           ;
; 104      ;            ;          ; GND                                            ; gnd    ;                       ;           ; --         ;                 ; --       ; --           ;
; 105      ; 276        ; 6        ; RESERVED_INPUT                                 ;        ;                       ;           ; Row I/O    ;                 ; no       ; Off          ;
; 106      ; 278        ; 6        ; RESERVED_INPUT                                 ;        ;                       ;           ; Row I/O    ;                 ; no       ; Off          ;
; 107      ;            ; --       ; VCCA3                                          ; power  ;                       ; 3.0V/3.3V ; --         ;                 ; --       ; --           ;
; 108      ;            ; --       ; VCC_ONE                                        ; power  ;                       ; 3.0V/3.3V ; --         ;                 ; --       ; --           ;
; 109      ;            ; --       ; VCC_ONE                                        ; power  ;                       ; 3.0V/3.3V ; --         ;                 ; --       ; --           ;
; 110      ; 280        ; 7        ; RESERVED_INPUT                                 ;        ;                       ;           ; Column I/O ;                 ; no       ; Off          ;
; 111      ; 282        ; 7        ; RESERVED_INPUT                                 ;        ;                       ;           ; Column I/O ;                 ; no       ; Off          ;
; 112      ; 315        ; 7        ; RESERVED_INPUT                                 ;        ;                       ;           ; Column I/O ;                 ; --       ; --           ;
; 113      ; 318        ; 7        ; RESERVED_INPUT                                 ;        ;                       ;           ; Column I/O ;                 ; no       ; Off          ;
; 114      ; 320        ; 7        ; RESERVED_INPUT                                 ;        ;                       ;           ; Column I/O ;                 ; no       ; Off          ;
; 115      ;            ; --       ; VCC_ONE                                        ; power  ;                       ; 3.0V/3.3V ; --         ;                 ; --       ; --           ;
; 116      ;            ;          ; GND                                            ; gnd    ;                       ;           ; --         ;                 ; --       ; --           ;
; 117      ;            ; 7        ; VCCIO7                                         ; power  ;                       ; 2.5V      ; --         ;                 ; --       ; --           ;
; 118      ; 340        ; 7        ; RESERVED_INPUT                                 ;        ;                       ;           ; Column I/O ;                 ; no       ; Off          ;
; 119      ; 342        ; 7        ; RESERVED_INPUT                                 ;        ;                       ;           ; Column I/O ;                 ; no       ; Off          ;
; 120      ; 352        ; 8        ; RESERVED_INPUT                                 ;        ;                       ;           ; Column I/O ;                 ; no       ; Off          ;
; 121      ; 354        ; 8        ; RESERVED_INPUT                                 ;        ;                       ;           ; Column I/O ;                 ; no       ; Off          ;
; 122      ; 356        ; 8        ; RESERVED_INPUT                                 ;        ;                       ;           ; Column I/O ;                 ; no       ; Off          ;
; 123      ; 359        ; 8        ; RESERVED_INPUT                                 ;        ;                       ;           ; Column I/O ;                 ; --       ; --           ;
; 124      ; 361        ; 8        ; RESERVED_INPUT                                 ;        ;                       ;           ; Column I/O ;                 ; no       ; Off          ;
; 125      ;            ;          ; GND                                            ; gnd    ;                       ;           ; --         ;                 ; --       ; --           ;
; 126      ; 360        ; 8        ; ~ALTERA_CONFIG_SEL~ / RESERVED_INPUT           ; input  ; 2.5 V                 ;           ; Column I/O ; N               ; no       ; Off          ;
; 127      ; 363        ; 8        ; RESERVED_INPUT                                 ;        ;                       ;           ; Column I/O ;                 ; no       ; Off          ;
; 128      ;            ; 8        ; VCCIO8                                         ; power  ;                       ; 2.5V      ; --         ;                 ; --       ; --           ;
; 129      ; 362        ; 8        ; RESERVED_INPUT                                 ;        ;                       ;           ; Column I/O ;                 ; no       ; Off          ;
; 130      ; 364        ; 8        ; RESERVED_INPUT                                 ;        ;                       ;           ; Column I/O ;                 ; no       ; Off          ;
; 131      ; 366        ; 8        ; RESERVED_INPUT                                 ;        ;                       ;           ; Column I/O ;                 ; no       ; Off          ;
; 132      ; 368        ; 8        ; RESERVED_INPUT                                 ;        ;                       ;           ; Column I/O ;                 ; no       ; Off          ;
; 133      ;            ;          ; GND                                            ; gnd    ;                       ;           ; --         ;                 ; --       ; --           ;
; 134      ; 370        ; 8        ; RESERVED_INPUT                                 ;        ;                       ;           ; Column I/O ;                 ; no       ; Off          ;
; 135      ; 371        ; 8        ; RESERVED_INPUT                                 ;        ;                       ;           ; Column I/O ;                 ; no       ; Off          ;
; 136      ; 372        ; 8        ; RESERVED_INPUT                                 ;        ;                       ;           ; Column I/O ;                 ; no       ; Off          ;
; 137      ;            ;          ; GND                                            ; gnd    ;                       ;           ; --         ;                 ; --       ; --           ;
; 138      ; 374        ; 8        ; pin_name1                                      ; output ; 2.5 V                 ;           ; Column I/O ; Y               ; no       ; Off          ;
; 139      ;            ; 8        ; VCCIO8                                         ; power  ;                       ; 2.5V      ; --         ;                 ; --       ; --           ;
; 140      ; 376        ; 8        ; RESERVED_INPUT                                 ;        ;                       ;           ; Column I/O ;                 ; no       ; Off          ;
; 141      ; 378        ; 8        ; RESERVED_INPUT                                 ;        ;                       ;           ; Column I/O ;                 ; no       ; Off          ;
; 142      ;            ;          ; GND                                            ; gnd    ;                       ;           ; --         ;                 ; --       ; --           ;
; 143      ;            ; --       ; VCCA4                                          ; power  ;                       ; 3.0V/3.3V ; --         ;                 ; --       ; --           ;
; 144      ;            ; --       ; VCC_ONE                                        ; power  ;                       ; 3.0V/3.3V ; --         ;                 ; --       ; --           ;
+----------+------------+----------+------------------------------------------------+--------+-----------------------+-----------+------------+-----------------+----------+--------------+
Note: Pin directions (input, output or bidir) are based on device operating in user mode.


+-------------------------------------------+
; I/O Assignment Warnings                   ;
+-----------+-------------------------------+
; Pin Name  ; Reason                        ;
+-----------+-------------------------------+
; pin_name1 ; Incomplete set of assignments ;
+-----------+-------------------------------+


+---------------------------------------------------------------------------------------------------------------------------------------------------------------------------------------------------------------------------------------------------------------------------------------------------------+
; Fitter Resource Utilization by Entity                                                                                                                                                                                                                                                                   ;
+----------------------------+-------------+---------------------------+---------------+-------------+------+------------+--------------+---------+-----------+------+--------------+--------------+-------------------+------------------+------------+---------------------+-------------+--------------+
; Compilation Hierarchy Node ; Logic Cells ; Dedicated Logic Registers ; I/O Registers ; Memory Bits ; M9Ks ; UFM Blocks ; DSP Elements ; DSP 9x9 ; DSP 18x18 ; Pins ; Virtual Pins ; LUT-Only LCs ; Register-Only LCs ; LUT/Register LCs ; ADC blocks ; Full Hierarchy Name ; Entity Name ; Library Name ;
+----------------------------+-------------+---------------------------+---------------+-------------+------+------------+--------------+---------+-----------+------+--------------+--------------+-------------------+------------------+------------+---------------------+-------------+--------------+
; |bpv                       ; 1 (1)       ; 0 (0)                     ; 0 (0)         ; 0           ; 0    ; 1          ; 0            ; 0       ; 0         ; 1    ; 0            ; 1 (1)        ; 0 (0)             ; 0 (0)            ; 0          ; |bpv                ; bpv         ; work         ;
+----------------------------+-------------+---------------------------+---------------+-------------+------+------------+--------------+---------+-----------+------+--------------+--------------+-------------------+------------------+------------+---------------------+-------------+--------------+
Note: For table entries with two numbers listed, the numbers in parentheses indicate the number of resources of the given type used by the specific entity alone. The numbers listed outside of parentheses indicate the total resources of the given type used by the specific entity and all of its sub-entities in the hierarchy.


+-------------------------------------------------------------------------------------------+
; Delay Chain Summary                                                                       ;
+-----------+----------+---------------+---------------+-----------------------+-----+------+
; Name      ; Pin Type ; Pad to Core 0 ; Pad to Core 1 ; Pad to Input Register ; TCO ; TCOE ;
+-----------+----------+---------------+---------------+-----------------------+-----+------+
; pin_name1 ; Output   ; --            ; --            ; --                    ; --  ; --   ;
+-----------+----------+---------------+---------------+-----------------------+-----+------+


+----------------------------------------------+
; Routing Usage Summary                        ;
+-----------------------+----------------------+
; Routing Resource Type ; Usage                ;
+-----------------------+----------------------+
; Block interconnects   ; 4 / 73,977 ( < 1 % ) ;
; C16 interconnects     ; 0 / 3,060 ( 0 % )    ;
; C4 interconnects      ; 9 / 56,160 ( < 1 % ) ;
; Direct links          ; 0 / 73,977 ( 0 % )   ;
; Global clocks         ; 0 / 20 ( 0 % )       ;
; Local interconnects   ; 0 / 24,960 ( 0 % )   ;
; NSLEEPs               ; 0 / 380 ( 0 % )      ;
; R24 interconnects     ; 1 / 2,940 ( < 1 % )  ;
; R4 interconnects      ; 3 / 76,160 ( < 1 % ) ;
+-----------------------+----------------------+


+--------------------------------------------------------------------------+
; LAB Logic Elements                                                       ;
+--------------------------------------------+-----------------------------+
; Number of Logic Elements  (Average = 1.00) ; Number of LABs  (Total = 1) ;
+--------------------------------------------+-----------------------------+
; 1                                          ; 1                           ;
; 2                                          ; 0                           ;
; 3                                          ; 0                           ;
; 4                                          ; 0                           ;
; 5                                          ; 0                           ;
; 6                                          ; 0                           ;
; 7                                          ; 0                           ;
; 8                                          ; 0                           ;
; 9                                          ; 0                           ;
; 10                                         ; 0                           ;
; 11                                         ; 0                           ;
; 12                                         ; 0                           ;
; 13                                         ; 0                           ;
; 14                                         ; 0                           ;
; 15                                         ; 0                           ;
; 16                                         ; 0                           ;
+--------------------------------------------+-----------------------------+


+---------------------------------------------------------------------------+
; LAB Signals Sourced                                                       ;
+---------------------------------------------+-----------------------------+
; Number of Signals Sourced  (Average = 1.00) ; Number of LABs  (Total = 1) ;
+---------------------------------------------+-----------------------------+
; 0                                           ; 0                           ;
; 1                                           ; 1                           ;
+---------------------------------------------+-----------------------------+


+-------------------------------------------------------------------------------+
; LAB Signals Sourced Out                                                       ;
+-------------------------------------------------+-----------------------------+
; Number of Signals Sourced Out  (Average = 1.00) ; Number of LABs  (Total = 1) ;
+-------------------------------------------------+-----------------------------+
; 0                                               ; 0                           ;
; 1                                               ; 1                           ;
+-------------------------------------------------+-----------------------------+


+------------------------------------------+
; I/O Rules Summary                        ;
+----------------------------------+-------+
; I/O Rules Statistic              ; Total ;
+----------------------------------+-------+
; Total I/O Rules                  ; 30    ;
; Number of I/O Rules Passed       ; 10    ;
; Number of I/O Rules Failed       ; 0     ;
; Number of I/O Rules Unchecked    ; 0     ;
; Number of I/O Rules Inapplicable ; 20    ;
+----------------------------------+-------+


+-----------------------------------------------------------------------------------------------------------------------------------------------------------------------------------------------------------------------------------------------------------------------------------------------------+
; I/O Rules Details                                                                                                                                                                                                                                                                                   ;
+--------------+-----------+-----------------------------------+------------------------------------------------------------------------------------------------------+----------+--------------------------------------------------------------------------+---------------------+-------------------+
; Status       ; ID        ; Category                          ; Rule Description                                                                                     ; Severity ; Information                                                              ; Area                ; Extra Information ;
+--------------+-----------+-----------------------------------+------------------------------------------------------------------------------------------------------+----------+--------------------------------------------------------------------------+---------------------+-------------------+
; Inapplicable ; IO_000002 ; Capacity Checks                   ; Number of clocks in an I/O bank should not exceed the number of clocks available.                    ; Critical ; No Global Signal assignments found.                                      ; I/O                 ;                   ;
; Pass         ; IO_000003 ; Capacity Checks                   ; Number of pins in a Vrefgroup should not exceed the number of locations available.                   ; Critical ; 0 such failures found.                                                   ; I/O                 ;                   ;
; Pass         ; IO_000001 ; Capacity Checks                   ; Number of pins in an I/O bank should not exceed the number of locations available.                   ; Critical ; 0 such failures found.                                                   ; I/O                 ;                   ;
; Inapplicable ; IO_000004 ; Voltage Compatibility Checks      ; The I/O bank should support the requested VCCIO.                                                     ; Critical ; No IOBANK_VCCIO assignments found.                                       ; I/O                 ;                   ;
; Inapplicable ; IO_000005 ; Voltage Compatibility Checks      ; The I/O bank should not have competing VREF values.                                                  ; Critical ; No VREF I/O Standard assignments found.                                  ; I/O                 ;                   ;
; Pass         ; IO_000006 ; Voltage Compatibility Checks      ; The I/O bank should not have competing VCCIO values.                                                 ; Critical ; 0 such failures found.                                                   ; I/O                 ;                   ;
; Pass         ; IO_000007 ; Valid Location Checks             ; Checks for unavailable locations.                                                                    ; Critical ; 0 such failures found.                                                   ; I/O                 ;                   ;
; Inapplicable ; IO_000008 ; Valid Location Checks             ; Checks for reserved locations.                                                                       ; Critical ; No reserved LogicLock region found.                                      ; I/O                 ;                   ;
; Inapplicable ; IO_000022 ; I/O Properties Checks for One I/O ; The I/O standard should support the requested Bus Hold value.                                        ; Critical ; No Enable Bus-Hold Circuitry assignments found.                          ; I/O                 ;                   ;
; Inapplicable ; IO_000021 ; I/O Properties Checks for One I/O ; The I/O standard should support the requested Weak Pull Up value.                                    ; Critical ; No Weak Pull-Up Resistor assignments found.                              ; I/O                 ;                   ;
; Inapplicable ; IO_000046 ; I/O Properties Checks for One I/O ; The location should support the requested Slew Rate value.                                           ; Critical ; No Slew Rate assignments found.                                          ; I/O                 ;                   ;
; Inapplicable ; IO_000023 ; I/O Properties Checks for One I/O ; The I/O standard should support the Open Drain value.                                                ; Critical ; No open drain assignments found.                                         ; I/O                 ;                   ;
; Pass         ; IO_000024 ; I/O Properties Checks for One I/O ; The I/O direction should support the On Chip Termination value.                                      ; Critical ; 0 such failures found.                                                   ; I/O                 ;                   ;
; Inapplicable ; IO_000026 ; I/O Properties Checks for One I/O ; On Chip Termination and Current Strength should not be used at the same time.                        ; Critical ; No Current Strength assignments found.                                   ; I/O                 ;                   ;
; Inapplicable ; IO_000027 ; I/O Properties Checks for One I/O ; Weak Pull Up and Bus Hold should not be used at the same time.                                       ; Critical ; No Enable Bus-Hold Circuitry or Weak Pull-Up Resistor assignments found. ; I/O                 ;                   ;
; Inapplicable ; IO_000045 ; I/O Properties Checks for One I/O ; The I/O standard should support the requested Slew Rate value.                                       ; Critical ; No Slew Rate assignments found.                                          ; I/O                 ;                   ;
; Inapplicable ; IO_000047 ; I/O Properties Checks for One I/O ; On Chip Termination and Slew Rate should not be used at the same time.                               ; Critical ; No Slew Rate assignments found.                                          ; I/O                 ;                   ;
; Inapplicable ; IO_000020 ; I/O Properties Checks for One I/O ; The I/O standard should support the requested PCI Clamp Diode.                                       ; Critical ; No PCI I/O assignments found.                                            ; I/O                 ;                   ;
; Pass         ; IO_000019 ; I/O Properties Checks for One I/O ; The I/O standard should support the requested On Chip Termination value.                             ; Critical ; 0 such failures found.                                                   ; I/O                 ;                   ;
; Inapplicable ; IO_000018 ; I/O Properties Checks for One I/O ; The I/O standard should support the requested Current Strength.                                      ; Critical ; No Current Strength assignments found.                                   ; I/O                 ;                   ;
; Inapplicable ; IO_000015 ; I/O Properties Checks for One I/O ; The location should support the requested PCI Clamp Diode.                                           ; Critical ; No PCI I/O assignments found.                                            ; I/O                 ;                   ;
; Inapplicable ; IO_000014 ; I/O Properties Checks for One I/O ; The location should support the requested Weak Pull Up value.                                        ; Critical ; No Weak Pull-Up Resistor assignments found.                              ; I/O                 ;                   ;
; Inapplicable ; IO_000013 ; I/O Properties Checks for One I/O ; The location should support the requested Bus Hold value.                                            ; Critical ; No Enable Bus-Hold Circuitry assignments found.                          ; I/O                 ;                   ;
; Pass         ; IO_000012 ; I/O Properties Checks for One I/O ; The location should support the requested On Chip Termination value.                                 ; Critical ; 0 such failures found.                                                   ; I/O                 ;                   ;
; Inapplicable ; IO_000011 ; I/O Properties Checks for One I/O ; The location should support the requested Current Strength.                                          ; Critical ; No Current Strength assignments found.                                   ; I/O                 ;                   ;
; Pass         ; IO_000010 ; I/O Properties Checks for One I/O ; The location should support the requested I/O direction.                                             ; Critical ; 0 such failures found.                                                   ; I/O                 ;                   ;
; Pass         ; IO_000009 ; I/O Properties Checks for One I/O ; The location should support the requested I/O standard.                                              ; Critical ; 0 such failures found.                                                   ; I/O                 ;                   ;
; Pass         ; IO_000033 ; Electromigration Checks           ; Current density for consecutive I/Os should not exceed 160mA for row I/Os and 160mA for column I/Os. ; Critical ; 0 such failures found.                                                   ; I/O                 ;                   ;
; Inapplicable ; IO_000034 ; SI Related Distance Checks        ; Single-ended outputs should be 5 LAB row(s) away from a differential I/O.                            ; High     ; No Differential I/O Standard assignments found.                          ; I/O                 ;                   ;
; Inapplicable ; IO_000042 ; SI Related SSO Limit Checks       ; No more than 20 outputs are allowed in a VREF group when VREF is being read from.                    ; High     ; No VREF I/O Standard assignments found.                                  ; I/O                 ;                   ;
; ----         ; ----      ; Disclaimer                        ; OCT rules are checked but not reported.                                                              ; None     ; ----                                                                     ; On Chip Termination ;                   ;
+--------------+-----------+-----------------------------------+------------------------------------------------------------------------------------------------------+----------+--------------------------------------------------------------------------+---------------------+-------------------+


+--------------------------------------------------------------------------------------------------------------------------------------------------------------------------------------------------------------------------------------------------------------------------------------------------------------------------------------------------------------------------------------------------------------------------------------------------------+
; I/O Rules Matrix                                                                                                                                                                                                                                                                                                                                                                                                                                       ;
+--------------------+--------------+-----------+-----------+--------------+--------------+-----------+-----------+--------------+--------------+--------------+--------------+--------------+-----------+--------------+--------------+--------------+--------------+--------------+-----------+--------------+--------------+--------------+--------------+-----------+--------------+-----------+-----------+-----------+--------------+--------------+
; Pin/Rules          ; IO_000002    ; IO_000003 ; IO_000001 ; IO_000004    ; IO_000005    ; IO_000006 ; IO_000007 ; IO_000008    ; IO_000022    ; IO_000021    ; IO_000046    ; IO_000023    ; IO_000024 ; IO_000026    ; IO_000027    ; IO_000045    ; IO_000047    ; IO_000020    ; IO_000019 ; IO_000018    ; IO_000015    ; IO_000014    ; IO_000013    ; IO_000012 ; IO_000011    ; IO_000010 ; IO_000009 ; IO_000033 ; IO_000034    ; IO_000042    ;
+--------------------+--------------+-----------+-----------+--------------+--------------+-----------+-----------+--------------+--------------+--------------+--------------+--------------+-----------+--------------+--------------+--------------+--------------+--------------+-----------+--------------+--------------+--------------+--------------+-----------+--------------+-----------+-----------+-----------+--------------+--------------+
; Total Pass         ; 0            ; 1         ; 1         ; 0            ; 0            ; 1         ; 1         ; 0            ; 0            ; 0            ; 0            ; 0            ; 1         ; 0            ; 0            ; 0            ; 0            ; 0            ; 1         ; 0            ; 0            ; 0            ; 0            ; 1         ; 0            ; 1         ; 1         ; 1         ; 0            ; 0            ;
; Total Unchecked    ; 0            ; 0         ; 0         ; 0            ; 0            ; 0         ; 0         ; 0            ; 0            ; 0            ; 0            ; 0            ; 0         ; 0            ; 0            ; 0            ; 0            ; 0            ; 0         ; 0            ; 0            ; 0            ; 0            ; 0         ; 0            ; 0         ; 0         ; 0         ; 0            ; 0            ;
; Total Inapplicable ; 1            ; 0         ; 0         ; 1            ; 1            ; 0         ; 0         ; 1            ; 1            ; 1            ; 1            ; 1            ; 0         ; 1            ; 1            ; 1            ; 1            ; 1            ; 0         ; 1            ; 1            ; 1            ; 1            ; 0         ; 1            ; 0         ; 0         ; 0         ; 1            ; 1            ;
; Total Fail         ; 0            ; 0         ; 0         ; 0            ; 0            ; 0         ; 0         ; 0            ; 0            ; 0            ; 0            ; 0            ; 0         ; 0            ; 0            ; 0            ; 0            ; 0            ; 0         ; 0            ; 0            ; 0            ; 0            ; 0         ; 0            ; 0         ; 0         ; 0         ; 0            ; 0            ;
; pin_name1          ; Inapplicable ; Pass      ; Pass      ; Inapplicable ; Inapplicable ; Pass      ; Pass      ; Inapplicable ; Inapplicable ; Inapplicable ; Inapplicable ; Inapplicable ; Pass      ; Inapplicable ; Inapplicable ; Inapplicable ; Inapplicable ; Inapplicable ; Pass      ; Inapplicable ; Inapplicable ; Inapplicable ; Inapplicable ; Pass      ; Inapplicable ; Pass      ; Pass      ; Pass      ; Inapplicable ; Inapplicable ;
+--------------------+--------------+-----------+-----------+--------------+--------------+-----------+-----------+--------------+--------------+--------------+--------------+--------------+-----------+--------------+--------------+--------------+--------------+--------------+-----------+--------------+--------------+--------------+--------------+-----------+--------------+-----------+-----------+-----------+--------------+--------------+


+-------------------------------------------------------------------------------------------+
; Fitter Device Options                                                                     ;
+------------------------------------------------------------------+------------------------+
; Option                                                           ; Setting                ;
+------------------------------------------------------------------+------------------------+
; Enable user-supplied start-up clock (CLKUSR)                     ; Off                    ;
; Enable device-wide reset (DEV_CLRn)                              ; Off                    ;
; Enable device-wide output enable (DEV_OE)                        ; Off                    ;
; Enable INIT_DONE output                                          ; Off                    ;
; Configuration scheme                                             ; Internal Configuration ;
; Enable Error Detection CRC_ERROR pin                             ; Off                    ;
; Enable open drain on CRC_ERROR pin                               ; Off                    ;
; Enable nCONFIG, nSTATUS, and CONF_DONE pins                      ; Off                    ;
; Enable JTAG pin sharing                                          ; Off                    ;
; Enable nCE pin                                                   ; Off                    ;
; Enable CONFIG_SEL pin                                            ; On                     ;
; Enable input tri-state on active configuration pins in user mode ; Off                    ;
; Configuration Voltage Level                                      ; Auto                   ;
; Force Configuration Voltage Level                                ; Off                    ;
; Data[0]                                                          ; Unreserved             ;
; Data[1]/ASDO                                                     ; Unreserved             ;
; FLASH_nCE/nCSO                                                   ; Unreserved             ;
; DCLK                                                             ; Unreserved             ;
+------------------------------------------------------------------+------------------------+


+------------------------------------+
; Operating Settings and Conditions  ;
+---------------------------+--------+
; Setting                   ; Value  ;
+---------------------------+--------+
; Nominal Core Voltage      ; 1.20 V ;
; Low Junction Temperature  ; -40 C ;
; High Junction Temperature ; 100 C ;
+---------------------------+--------+


+-----------------+
; Fitter Messages ;
+-----------------+
Warning (18236): Number of processors has not been specified which may cause overloading on shared machines.  Set the global assignment NUM_PARALLEL_PROCESSORS in your QSF to an appropriate value for best performance.
Info (20030): Parallel compilation is enabled and will use 2 of the 2 processors detected
Info (119006): Selected device 10M25SAE144I7G for design "bpv"
Info (21077): Low junction temperature is -40 degrees C
Info (21077): High junction temperature is 100 degrees C
Info (171003): Fitter is performing an Auto Fit compilation, which may decrease Fitter effort to reduce compilation time
Critical Warning (16562): Review the Power Analyzer report file (<design>.pow.rpt) to ensure your design is within the maximum power utilization limit of the single power-supply target device and to avoid functional failures.
Info (176444): Device migration not selected. If you intend to use device migration later, you may need to change the pin assignments as they may be incompatible with other devices
    Info (176445): Device 10M08SAE144I7G is compatible
    Info (176445): Device 10M08SAE144I7P is compatible
    Info (176445): Device 10M04SAE144I7G is compatible
    Info (176445): Device 10M16SAE144I7G is compatible
Info (169124): Fitter converted 5 user pins into dedicated programming pins
    Info (169125): Pin ~ALTERA_TMS~ is reserved at location 16
    Info (169125): Pin ~ALTERA_TCK~ is reserved at location 18
    Info (169125): Pin ~ALTERA_TDI~ is reserved at location 19
    Info (169125): Pin ~ALTERA_TDO~ is reserved at location 20
    Info (169125): Pin ~ALTERA_CONFIG_SEL~ is reserved at location 126
Info (169141): DATA[0] dual-purpose pin not reserved
Info (12825): Data[1]/ASDO dual-purpose pin not reserved
Info (12825): nCSO dual-purpose pin not reserved
Info (12825): DCLK dual-purpose pin not reserved
Warning (15714): Some pins have incomplete I/O assignments. Refer to the I/O Assignment Warnings report for details
Critical Warning (332012): Synopsys Design Constraints File file not found: 'bpv.sdc'. A Synopsys Design Constraints File is required by the TimeQuest Timing Analyzer to get proper timing constraints. Without it, the Compiler will not properly optimize the design.
Info (332144): No user constrained base clocks found in the design
Info (332096): The command derive_clocks did not find any clocks to derive.  No clocks were created or changed.
Warning (332068): No clocks defined in design.
Info (332143): No user constrained clock uncertainty found in the design. Calling "derive_clock_uncertainty"
Info (332154): The derive_clock_uncertainty command did not apply clock uncertainty to any clock-to-clock transfers.
Info (332130): Timing requirements not specified -- quality metrics such as performance may be sacrificed to reduce compilation time.
Info (176233): Starting register packing
Info (176235): Finished register packing
    Extra Info (176219): No registers were packed into other blocks
Info (171121): Fitter preparation operations ending: elapsed time is 00:00:01
Info (14896): Fitter has disabled Advanced Physical Optimization because it is not supported for the current family.
Info (170189): Fitter placement preparation operations beginning
Info (170190): Fitter placement preparation operations ending: elapsed time is 00:00:00
Info (170191): Fitter placement operations beginning
Info (170137): Fitter placement was successful
Info (170192): Fitter placement operations ending: elapsed time is 00:00:00
Info (170193): Fitter routing operations beginning
Info (170195): Router estimated average interconnect usage is 0% of the available device resources
    Info (170196): Router estimated peak interconnect usage is 0% of the available device resources in the region that extends from location X0_Y12 to location X11_Y23
Info (170199): The Fitter performed an Auto Fit compilation.  Optimizations were skipped to reduce compilation time.
    Info (170201): Optimizations that may affect the design's routability were skipped
    Info (170200): Optimizations that may affect the design's timing were skipped
Info (170194): Fitter routing operations ending: elapsed time is 00:00:00
Info (11888): Total time spent on timing analysis during the Fitter is 0.01 seconds.
Info (334003): Started post-fitting delay annotation
Info (334004): Delay annotation completed successfully
Info (334003): Started post-fitting delay annotation
Info (334004): Delay annotation completed successfully
Info (11218): Fitter post-fit operations ending: elapsed time is 00:00:01
Info: Quartus Prime Fitter was successful. 0 errors, 5 warnings
    Info: Peak virtual memory: 1323 megabytes
    Info: Processing ended: Thu Jun 28 16:05:11 2018
    Info: Elapsed time: 00:00:08
    Info: Total CPU time (on all processors): 00:00:09


